Unable to find image 'registry.fsoc.hpi.uni-potsdam.de/ai4coral:latest' locally
latest: Pulling from ai4coral
b8f262c62ec6: Pulling fs layer
fa9712f20293: Pulling fs layer
6ec1e76960c6: Pulling fs layer
46482cb87ee5: Pulling fs layer
dcc476eca4cf: Pulling fs layer
46482cb87ee5: Waiting
a895ca0567f4: Pulling fs layer
ab8d0215e02e: Pulling fs layer
200c7561629c: Pulling fs layer
474ef217f76a: Pulling fs layer
dcc476eca4cf: Waiting
a895ca0567f4: Waiting
200c7561629c: Waiting
ab8d0215e02e: Waiting
3f60a56d3fb5: Pulling fs layer
106dbd30969d: Pulling fs layer
5b3831f5ee88: Pulling fs layer
090c580c867a: Pulling fs layer
dddff55d868b: Pulling fs layer
d26f1a6da463: Pulling fs layer
3f60a56d3fb5: Waiting
5b3831f5ee88: Waiting
106dbd30969d: Waiting
01b1b8591d10: Pulling fs layer
090c580c867a: Waiting
b8f262c62ec6: Verifying Checksum
b8f262c62ec6: Download complete
6ec1e76960c6: Verifying Checksum
6ec1e76960c6: Download complete
fa9712f20293: Verifying Checksum
fa9712f20293: Download complete
b8f262c62ec6: Pull complete
a895ca0567f4: Verifying Checksum
a895ca0567f4: Download complete
46482cb87ee5: Verifying Checksum
46482cb87ee5: Download complete
fa9712f20293: Pull complete
6ec1e76960c6: Pull complete
474ef217f76a: Waiting
dddff55d868b: Waiting
d26f1a6da463: Waiting
01b1b8591d10: Waiting
docker: write /var/lib/docker/tmp/GetImageBlob046254787: no space left on device.
See 'docker run --help'.
